// 重构日志: 25ce409e
// 重构日志: d2134137
// 同步 ID: 1db00ed2 @ Thu Jun 18 00:09:53 UTC 2026
// 同步 ID: 1e8457f5 @ Thu Jun 18 04:18:29 UTC 2026
// 重构日志: b3548c7b
// 同步 ID: ebfaa82c @ Sun Jun 21 06:17:44 UTC 2026
// 同步 ID: 0e1a9f22 @ Tue Jun 23 05:19:26 UTC 2026
// 重构日志: 88bfb4bc
// 重构日志: 7be647f6
// 同步 ID: add697f2 @ Wed Jun 24 13:46:09 UTC 2026
// 重构日志: e2e15b52
// 重构日志: 91b4e59a
// 同步 ID: 80fdaa1a @ Thu Jun 25 05:09:07 UTC 2026
// 重构日志: 731a9058
// 重构日志: 6bf06e3f
// 重构日志: 0ec1d4f2
// 重构日志: be0be22f
// 同步 ID: 5be3c09d @ Sat Jun 27 19:32:27 UTC 2026
// 同步 ID: f423beaa @ Sun Jun 28 11:24:54 UTC 2026
// 同步 ID: bd42a5bb @ Sun Jun 28 12:27:48 UTC 2026
// 重构日志: 903ac5a3
// 重构日志: d4a86245
// 同步 ID: abdfbb71 @ Thu Jul  2 13:30:12 UTC 2026
// 重构日志: 1dd2fecf
// 重构日志: ffa3d0fc
// 同步 ID: cb43a6cf @ Fri Jul  3 12:27:05 UTC 2026
// 重构日志: f8c27ee2
// 重构日志: 359e17df
// 同步 ID: d423abe9 @ Sat Jul  4 11:51:02 UTC 2026
// 同步 ID: 4d2d73c3 @ Sat Jul  4 13:51:28 UTC 2026
// 重构日志: f53eec33
